<?xml version="1.0" encoding="UTF-8"?>
<testng-results ignored="0" total="1" passed="1" failed="0" skipped="0">
  <reporter-output>
  </reporter-output>
  <suite started-at="2020-03-03T16:52:05 IST" name="Suite" finished-at="2020-03-03T16:52:31 IST" duration-ms="26143">
    <groups>
    </groups>
    <test started-at="2020-03-03T16:52:05 IST" name="Test" finished-at="2020-03-03T16:52:31 IST" duration-ms="26143">
      <class name="pkg1.NewTest54">
        <test-method signature="f()[pri:0, instance:pkg1.NewTest54@58fdd99]" started-at="2020-03-03T16:52:05 IST" name="f" finished-at="2020-03-03T16:52:31 IST" duration-ms="26073" status="PASS">
          <reporter-output>
          </reporter-output>
        </test-method> <!-- f -->
      </class> <!-- pkg1.NewTest54 -->
    </test> <!-- Test -->
  </suite> <!-- Suite -->
</testng-results>
