<?xml version="1.0" encoding="UTF-8"?>
<testng-results ignored="0" total="2" passed="1" failed="1" skipped="0">
  <reporter-output>
  </reporter-output>
  <suite started-at="2020-03-26T17:07:58 IST" name="Default suite" finished-at="2020-03-26T17:09:40 IST" duration-ms="102125">
    <groups>
    </groups>
    <test started-at="2020-03-26T17:07:58 IST" name="Default test" finished-at="2020-03-26T17:09:40 IST" duration-ms="102125">
      <class name="TESTS.Test_Jpet">
        <test-method is-config="true" signature="bfc()[pri:0, instance:TESTS.Test_Jpet@6b26e945]" started-at="2020-03-26T17:07:58 IST" name="bfc" finished-at="2020-03-26T17:08:01 IST" duration-ms="2366" status="PASS">
          <reporter-output>
          </reporter-output>
        </test-method> <!-- bfc -->
        <test-method is-config="true" signature="bfm()[pri:0, instance:TESTS.Test_Jpet@6b26e945]" started-at="2020-03-26T17:08:01 IST" name="bfm" finished-at="2020-03-26T17:08:20 IST" duration-ms="19422" status="PASS">
          <reporter-output>
          </reporter-output>
        </test-method> <!-- bfm -->
        <test-method signature="Register_login(java.lang.String, java.lang.String, java.lang.String, java.lang.String, java.lang.String, java.lang.String, java.lang.String, java.lang.String, java.lang.String, java.lang.String, java.lang.String, java.lang.String, java.lang.String, java.lang.String, java.lang.String)[pri:0, instance:TESTS.Test_Jpet@6b26e945]" started-at="2020-03-26T17:08:20 IST" name="Register_login" data-provider="loginpage" finished-at="2020-03-26T17:09:20 IST" duration-ms="60175" status="FAIL">
          <params>
            <param index="0">
              <value>
                <![CDATA[giribabuv]]>
              </value>
            </param>
            <param index="1">
              <value>
                <![CDATA[babuyadav]]>
              </value>
            </param>
            <param index="2">
              <value>
                <![CDATA[babuyadav]]>
              </value>
            </param>
            <param index="3">
              <value>
                <![CDATA[giribabu]]>
              </value>
            </param>
            <param index="4">
              <value>
                <![CDATA[yadav]]>
              </value>
            </param>
            <param index="5">
              <value>
                <![CDATA[giribabuv@gmail.com]]>
              </value>
            </param>
            <param index="6">
              <value>
                <![CDATA["7894563214"]]>
              </value>
            </param>
            <param index="7">
              <value>
                <![CDATA[kondepalli]]>
              </value>
            </param>
            <param index="8">
              <value>
                <![CDATA[nellepalli]]>
              </value>
            </param>
            <param index="9">
              <value>
                <![CDATA[chittoor]]>
              </value>
            </param>
            <param index="10">
              <value>
                <![CDATA[andhra pradesh]]>
              </value>
            </param>
            <param index="11">
              <value>
                <![CDATA["517198"]]>
              </value>
            </param>
            <param index="12">
              <value>
                <![CDATA[india]]>
              </value>
            </param>
            <param index="13">
              <value>
                <![CDATA[giri]]>
              </value>
            </param>
            <param index="14">
              <value>
                <![CDATA[babuyadav]]>
              </value>
            </param>
          </params>
          <exception class="org.openqa.selenium.NoSuchElementException">
            <message>
              <![CDATA[no such element: Unable to locate element: {"method":"xpath","selector":"/html/body/div[1]/div[2]/div/a[2]"}
  (Session info: chrome=80.0.3987.149)
For documentation on this error, please visit: https://www.seleniumhq.org/exceptions/no_such_element.html
Build info: version: '3.141.59', revision: 'e82be7d358', time: '2018-11-14T08:17:03'
System info: host: 'LAPTOP-HGGEC2PE', ip: '192.168.43.5', os.name: 'Windows 10', os.arch: 'amd64', os.version: '10.0', java.version: '13.0.2'
Driver info: org.openqa.selenium.chrome.ChromeDriver
Capabilities {acceptInsecureCerts: false, browserName: chrome, browserVersion: 80.0.3987.149, chrome: {chromedriverVersion: 80.0.3987.106 (f68069574609..., userDataDir: C:\Users\VDDEE~1.GIR\AppDat...}, goog:chromeOptions: {debuggerAddress: localhost:49644}, javascriptEnabled: true, networkConnectionEnabled: false, pageLoadStrategy: normal, platform: WINDOWS, platformName: WINDOWS, proxy: Proxy(), setWindowRect: true, strictFileInteractability: false, timeouts: {implicit: 0, pageLoad: 300000, script: 30000}, unhandledPromptBehavior: dismiss and notify}
Session ID: 1bebbbb87dc1c0c175d867efdba4afaa
*** Element info: {Using=xpath, value=/html/body/div[1]/div[2]/div/a[2]}]]>
            </message>
            <full-stacktrace>
              <![CDATA[org.openqa.selenium.NoSuchElementException: no such element: Unable to locate element: {"method":"xpath","selector":"/html/body/div[1]/div[2]/div/a[2]"}
  (Session info: chrome=80.0.3987.149)
For documentation on this error, please visit: https://www.seleniumhq.org/exceptions/no_such_element.html
Build info: version: '3.141.59', revision: 'e82be7d358', time: '2018-11-14T08:17:03'
System info: host: 'LAPTOP-HGGEC2PE', ip: '192.168.43.5', os.name: 'Windows 10', os.arch: 'amd64', os.version: '10.0', java.version: '13.0.2'
Driver info: org.openqa.selenium.chrome.ChromeDriver
Capabilities {acceptInsecureCerts: false, browserName: chrome, browserVersion: 80.0.3987.149, chrome: {chromedriverVersion: 80.0.3987.106 (f68069574609..., userDataDir: C:\Users\VDDEE~1.GIR\AppDat...}, goog:chromeOptions: {debuggerAddress: localhost:49644}, javascriptEnabled: true, networkConnectionEnabled: false, pageLoadStrategy: normal, platform: WINDOWS, platformName: WINDOWS, proxy: Proxy(), setWindowRect: true, strictFileInteractability: false, timeouts: {implicit: 0, pageLoad: 300000, script: 30000}, unhandledPromptBehavior: dismiss and notify}
Session ID: 1bebbbb87dc1c0c175d867efdba4afaa
*** Element info: {Using=xpath, value=/html/body/div[1]/div[2]/div/a[2]}
at java.base/jdk.internal.reflect.NativeConstructorAccessorImpl.newInstance0(Native Method)
at java.base/jdk.internal.reflect.NativeConstructorAccessorImpl.newInstance(NativeConstructorAccessorImpl.java:62)
at java.base/jdk.internal.reflect.DelegatingConstructorAccessorImpl.newInstance(DelegatingConstructorAccessorImpl.java:45)
at java.base/java.lang.reflect.Constructor.newInstanceWithCaller(Constructor.java:500)
at java.base/java.lang.reflect.Constructor.newInstance(Constructor.java:481)
at org.openqa.selenium.remote.http.W3CHttpResponseCodec.createException(W3CHttpResponseCodec.java:187)
at org.openqa.selenium.remote.http.W3CHttpResponseCodec.decode(W3CHttpResponseCodec.java:122)
at org.openqa.selenium.remote.http.W3CHttpResponseCodec.decode(W3CHttpResponseCodec.java:49)
at org.openqa.selenium.remote.HttpCommandExecutor.execute(HttpCommandExecutor.java:158)
at org.openqa.selenium.remote.service.DriverCommandExecutor.execute(DriverCommandExecutor.java:83)
at org.openqa.selenium.remote.RemoteWebDriver.execute(RemoteWebDriver.java:552)
at org.openqa.selenium.remote.RemoteWebDriver.findElement(RemoteWebDriver.java:323)
at org.openqa.selenium.remote.RemoteWebDriver.findElementByXPath(RemoteWebDriver.java:428)
at org.openqa.selenium.By$ByXPath.findElement(By.java:353)
at org.openqa.selenium.remote.RemoteWebDriver.findElement(RemoteWebDriver.java:315)
at PAGES.Login_page.sign(Login_page.java:22)
at PAGES.Login_page.Login(Login_page.java:50)
at TESTS.Test_Jpet.Register_login(Test_Jpet.java:79)
at java.base/jdk.internal.reflect.NativeMethodAccessorImpl.invoke0(Native Method)
at java.base/jdk.internal.reflect.NativeMethodAccessorImpl.invoke(NativeMethodAccessorImpl.java:62)
at java.base/jdk.internal.reflect.DelegatingMethodAccessorImpl.invoke(DelegatingMethodAccessorImpl.java:43)
at java.base/java.lang.reflect.Method.invoke(Method.java:567)
at org.testng.internal.MethodInvocationHelper.invokeMethod(MethodInvocationHelper.java:133)
at org.testng.internal.TestInvoker.invokeMethod(TestInvoker.java:584)
at org.testng.internal.TestInvoker.invokeTestMethod(TestInvoker.java:172)
at org.testng.internal.MethodRunner.runInSequence(MethodRunner.java:46)
at org.testng.internal.TestInvoker$MethodInvocationAgent.invoke(TestInvoker.java:804)
at org.testng.internal.TestInvoker.invokeTestMethods(TestInvoker.java:145)
at org.testng.internal.TestMethodWorker.invokeTestMethods(TestMethodWorker.java:146)
at org.testng.internal.TestMethodWorker.run(TestMethodWorker.java:128)
at java.base/java.util.ArrayList.forEach(ArrayList.java:1507)
at org.testng.TestRunner.privateRun(TestRunner.java:770)
at org.testng.TestRunner.run(TestRunner.java:591)
at org.testng.SuiteRunner.runTest(SuiteRunner.java:402)
at org.testng.SuiteRunner.runSequentially(SuiteRunner.java:396)
at org.testng.SuiteRunner.privateRun(SuiteRunner.java:355)
at org.testng.SuiteRunner.run(SuiteRunner.java:304)
at org.testng.SuiteRunnerWorker.runSuite(SuiteRunnerWorker.java:53)
at org.testng.SuiteRunnerWorker.run(SuiteRunnerWorker.java:96)
at org.testng.TestNG.runSuitesSequentially(TestNG.java:1180)
at org.testng.TestNG.runSuitesLocally(TestNG.java:1102)
at org.testng.TestNG.runSuites(TestNG.java:1032)
at org.testng.TestNG.run(TestNG.java:1000)
at org.testng.remote.AbstractRemoteTestNG.run(AbstractRemoteTestNG.java:115)
at org.testng.remote.RemoteTestNG.initAndRun(RemoteTestNG.java:251)
at org.testng.remote.RemoteTestNG.main(RemoteTestNG.java:77)
]]>
            </full-stacktrace>
          </exception> <!-- org.openqa.selenium.NoSuchElementException -->
          <reporter-output>
          </reporter-output>
        </test-method> <!-- Register_login -->
        <test-method is-config="true" signature="bfm()[pri:0, instance:TESTS.Test_Jpet@6b26e945]" started-at="2020-03-26T17:09:20 IST" name="bfm" finished-at="2020-03-26T17:09:34 IST" duration-ms="13511" status="PASS">
          <reporter-output>
          </reporter-output>
        </test-method> <!-- bfm -->
        <test-method signature="search_secenario()[pri:4, instance:TESTS.Test_Jpet@6b26e945]" started-at="2020-03-26T17:09:34 IST" name="search_secenario" finished-at="2020-03-26T17:09:40 IST" duration-ms="6336" status="PASS">
          <reporter-output>
          </reporter-output>
        </test-method> <!-- search_secenario -->
      </class> <!-- TESTS.Test_Jpet -->
    </test> <!-- Default test -->
  </suite> <!-- Default suite -->
</testng-results>
