<?xml version="1.0" encoding="UTF-8"?>
<testng-results ignored="0" total="3" passed="2" failed="1" skipped="0">
  <reporter-output>
  </reporter-output>
  <suite started-at="2020-03-29T21:35:11 IST" name="Default suite" finished-at="2020-03-29T21:36:26 IST" duration-ms="74382">
    <groups>
    </groups>
    <test started-at="2020-03-29T21:35:11 IST" name="Default test" finished-at="2020-03-29T21:36:26 IST" duration-ms="74382">
      <class name="TESTS.Test_Jpet">
        <test-method is-config="true" signature="beforeclass()[pri:0, instance:TESTS.Test_Jpet@63a65a25]" started-at="2020-03-29T21:35:11 IST" name="beforeclass" finished-at="2020-03-29T21:35:14 IST" duration-ms="2439" status="PASS">
          <reporter-output>
          </reporter-output>
        </test-method> <!-- beforeclass -->
        <test-method is-config="true" signature="beforemethod()[pri:0, instance:TESTS.Test_Jpet@63a65a25]" started-at="2020-03-29T21:35:14 IST" name="beforemethod" finished-at="2020-03-29T21:35:23 IST" duration-ms="9556" status="PASS">
          <reporter-output>
          </reporter-output>
        </test-method> <!-- beforemethod -->
        <test-method signature="Register_login(java.lang.String, java.lang.String, java.lang.String, java.lang.String, java.lang.String, java.lang.String, java.lang.String, java.lang.String, java.lang.String, java.lang.String, java.lang.String, java.lang.String, java.lang.String, java.lang.String, java.lang.String)[pri:0, instance:TESTS.Test_Jpet@63a65a25]" started-at="2020-03-29T21:35:23 IST" name="Register_login" data-provider="loginpage" finished-at="2020-03-29T21:35:36 IST" duration-ms="12778" status="PASS">
          <params>
            <param index="0">
              <value>
                <![CDATA[giribabvelkurya]]>
              </value>
            </param>
            <param index="1">
              <value>
                <![CDATA[babuyadav]]>
              </value>
            </param>
            <param index="2">
              <value>
                <![CDATA[babuyadav]]>
              </value>
            </param>
            <param index="3">
              <value>
                <![CDATA[giribabu]]>
              </value>
            </param>
            <param index="4">
              <value>
                <![CDATA[yadav]]>
              </value>
            </param>
            <param index="5">
              <value>
                <![CDATA[giribabuvekyadaya@gmail.com]]>
              </value>
            </param>
            <param index="6">
              <value>
                <![CDATA["7894563214"]]>
              </value>
            </param>
            <param index="7">
              <value>
                <![CDATA[kondepalli]]>
              </value>
            </param>
            <param index="8">
              <value>
                <![CDATA[nellepalli]]>
              </value>
            </param>
            <param index="9">
              <value>
                <![CDATA[chittoor]]>
              </value>
            </param>
            <param index="10">
              <value>
                <![CDATA[andhra pradesh]]>
              </value>
            </param>
            <param index="11">
              <value>
                <![CDATA["517198"]]>
              </value>
            </param>
            <param index="12">
              <value>
                <![CDATA[india]]>
              </value>
            </param>
            <param index="13">
              <value>
                <![CDATA[giri]]>
              </value>
            </param>
            <param index="14">
              <value>
                <![CDATA[babuyadav]]>
              </value>
            </param>
          </params>
          <reporter-output>
          </reporter-output>
        </test-method> <!-- Register_login -->
        <test-method is-config="true" signature="beforemethod()[pri:0, instance:TESTS.Test_Jpet@63a65a25]" started-at="2020-03-29T21:35:36 IST" name="beforemethod" finished-at="2020-03-29T21:35:44 IST" duration-ms="7214" status="PASS">
          <reporter-output>
          </reporter-output>
        </test-method> <!-- beforemethod -->
        <test-method signature="search_secenario()[pri:2, instance:TESTS.Test_Jpet@63a65a25]" started-at="2020-03-29T21:35:44 IST" name="search_secenario" finished-at="2020-03-29T21:35:58 IST" duration-ms="14076" status="FAIL">
          <exception class="org.openqa.selenium.NoSuchElementException">
            <message>
              <![CDATA[Cannot locate an element using xpath=//div[@id='Catalog'][1]//child::a[@href='/catalog/products/FI-SW-01'][1]
For documentation on this error, please visit: https://www.seleniumhq.org/exceptions/no_such_element.html
Build info: version: '3.141.59', revision: 'e82be7d358', time: '2018-11-14T08:17:03'
System info: host: 'LAPTOP-HGGEC2PE', ip: '192.168.43.5', os.name: 'Windows 10', os.arch: 'amd64', os.version: '10.0', java.version: '13.0.2'
Driver info: driver.version: RemoteWebDriver]]>
            </message>
            <full-stacktrace>
              <![CDATA[org.openqa.selenium.NoSuchElementException: Cannot locate an element using xpath=//div[@id='Catalog'][1]//child::a[@href='/catalog/products/FI-SW-01'][1]
For documentation on this error, please visit: https://www.seleniumhq.org/exceptions/no_such_element.html
Build info: version: '3.141.59', revision: 'e82be7d358', time: '2018-11-14T08:17:03'
System info: host: 'LAPTOP-HGGEC2PE', ip: '192.168.43.5', os.name: 'Windows 10', os.arch: 'amd64', os.version: '10.0', java.version: '13.0.2'
Driver info: driver.version: RemoteWebDriver
at org.openqa.selenium.remote.RemoteWebDriver.findElement(RemoteWebDriver.java:327)
at org.openqa.selenium.remote.RemoteWebDriver.findElementByXPath(RemoteWebDriver.java:428)
at org.openqa.selenium.By$ByXPath.findElement(By.java:353)
at org.openqa.selenium.remote.RemoteWebDriver.findElement(RemoteWebDriver.java:315)
at PAGES.Add_to_cart.add_product(Add_to_cart.java:14)
at TESTS.Test_Jpet.search_secenario(Test_Jpet.java:92)
at java.base/jdk.internal.reflect.NativeMethodAccessorImpl.invoke0(Native Method)
at java.base/jdk.internal.reflect.NativeMethodAccessorImpl.invoke(NativeMethodAccessorImpl.java:62)
at java.base/jdk.internal.reflect.DelegatingMethodAccessorImpl.invoke(DelegatingMethodAccessorImpl.java:43)
at java.base/java.lang.reflect.Method.invoke(Method.java:567)
at org.testng.internal.MethodInvocationHelper.invokeMethod(MethodInvocationHelper.java:133)
at org.testng.internal.TestInvoker.invokeMethod(TestInvoker.java:584)
at org.testng.internal.TestInvoker.invokeTestMethod(TestInvoker.java:172)
at org.testng.internal.MethodRunner.runInSequence(MethodRunner.java:46)
at org.testng.internal.TestInvoker$MethodInvocationAgent.invoke(TestInvoker.java:804)
at org.testng.internal.TestInvoker.invokeTestMethods(TestInvoker.java:145)
at org.testng.internal.TestMethodWorker.invokeTestMethods(TestMethodWorker.java:146)
at org.testng.internal.TestMethodWorker.run(TestMethodWorker.java:128)
at java.base/java.util.ArrayList.forEach(ArrayList.java:1507)
at org.testng.TestRunner.privateRun(TestRunner.java:770)
at org.testng.TestRunner.run(TestRunner.java:591)
at org.testng.SuiteRunner.runTest(SuiteRunner.java:402)
at org.testng.SuiteRunner.runSequentially(SuiteRunner.java:396)
at org.testng.SuiteRunner.privateRun(SuiteRunner.java:355)
at org.testng.SuiteRunner.run(SuiteRunner.java:304)
at org.testng.SuiteRunnerWorker.runSuite(SuiteRunnerWorker.java:53)
at org.testng.SuiteRunnerWorker.run(SuiteRunnerWorker.java:96)
at org.testng.TestNG.runSuitesSequentially(TestNG.java:1180)
at org.testng.TestNG.runSuitesLocally(TestNG.java:1102)
at org.testng.TestNG.runSuites(TestNG.java:1032)
at org.testng.TestNG.run(TestNG.java:1000)
at org.testng.remote.AbstractRemoteTestNG.run(AbstractRemoteTestNG.java:115)
at org.testng.remote.RemoteTestNG.initAndRun(RemoteTestNG.java:251)
at org.testng.remote.RemoteTestNG.main(RemoteTestNG.java:77)
]]>
            </full-stacktrace>
          </exception> <!-- org.openqa.selenium.NoSuchElementException -->
          <reporter-output>
          </reporter-output>
        </test-method> <!-- search_secenario -->
        <test-method is-config="true" signature="beforemethod()[pri:0, instance:TESTS.Test_Jpet@63a65a25]" started-at="2020-03-29T21:35:58 IST" name="beforemethod" finished-at="2020-03-29T21:36:05 IST" duration-ms="7271" status="PASS">
          <reporter-output>
          </reporter-output>
        </test-method> <!-- beforemethod -->
        <test-method signature="adding_product()[pri:3, instance:TESTS.Test_Jpet@63a65a25]" started-at="2020-03-29T21:36:05 IST" name="adding_product" finished-at="2020-03-29T21:36:26 IST" duration-ms="20894" status="PASS">
          <reporter-output>
          </reporter-output>
        </test-method> <!-- adding_product -->
      </class> <!-- TESTS.Test_Jpet -->
    </test> <!-- Default test -->
  </suite> <!-- Default suite -->
</testng-results>
